# JRE version: Java(TM) SE Runtime Environment (7.0_79-b15) (build 1.7.0_79-b15)
# Java VM: Java HotSpot(TM) 64-Bit Server VM (24.79-b02 mixed mode windows-amd64 compressed oops)
Heap
 PSYoungGen      total 48128K, used 33251K [0x00000007cac00000, 0x00000007ce180000, 0x0000000800000000)
  eden space 41472K, 64% used [0x00000007cac00000,0x00000007cc5fa6a8,0x00000007cd480000)
  from space 6656K, 99% used [0x00000007cdb00000,0x00000007ce17e8d8,0x00000007ce180000)
  to   space 6656K, 0% used [0x00000007cd480000,0x00000007cd480000,0x00000007cdb00000)
 ParOldGen       total 109056K, used 2946K [0x0000000760400000, 0x0000000766e80000, 0x00000007cac00000)
  object space 109056K, 2% used [0x0000000760400000,0x00000007606e08a8,0x0000000766e80000)
 PSPermGen       total 21504K, used 13961K [0x000000075b200000, 0x000000075c700000, 0x0000000760400000)
  object space 21504K, 64% used [0x000000075b200000,0x000000075bfa25a0,0x000000075c700000)
GC Heap History (4 events):
Event: 4.061 GC heap before
{Heap before GC invocations=1 (full 0):
 PSYoungGen      total 48128K, used 41472K [0x00000007cac00000, 0x00000007ce180000, 0x0000000800000000)
  eden space 41472K, 100% used [0x00000007cac00000,0x00000007cd480000,0x00000007cd480000)
  from space 6656K, 0% used [0x00000007cdb00000,0x00000007cdb00000,0x00000007ce180000)
  to   space 6656K, 0% used [0x00000007cd480000,0x00000007cd480000,0x00000007cdb00000)
 ParOldGen       total 109056K, used 0K [0x0000000760400000, 0x0000000766e80000, 0x00000007cac00000)
  object space 109056K, 0% used [0x0000000760400000,0x0000000760400000,0x0000000766e80000)
 PSPermGen       total 21504K, used 7458K [0x000000075b200000, 0x000000075c700000, 0x0000000760400000)
  object space 21504K, 34% used [0x000000075b200000,0x000000075b948820,0x000000075c700000)
Event: 4.071 GC heap after
Heap after GC invocations=1 (full 0):
 PSYoungGen      total 48128K, used 6639K [0x00000007cac00000, 0x00000007ce180000, 0x0000000800000000)
  eden space 41472K, 0% used [0x00000007cac00000,0x00000007cac00000,0x00000007cd480000)
  from space 6656K, 99% used [0x00000007cd480000,0x00000007cdafbcb0,0x00000007cdb00000)
  to   space 6656K, 0% used [0x00000007cdb00000,0x00000007cdb00000,0x00000007ce180000)
 ParOldGen       total 109056K, used 983K [0x0000000760400000, 0x0000000766e80000, 0x00000007cac00000)
  object space 109056K, 0% used [0x0000000760400000,0x00000007604f5c08,0x0000000766e80000)
 PSPermGen       total 21504K, used 7458K [0x000000075b200000, 0x000000075c700000, 0x0000000760400000)
  object space 21504K, 34% used [0x000000075b200000,0x000000075b948820,0x000000075c700000)
}
Event: 7.713 GC heap before
{Heap before GC invocations=2 (full 0):
 PSYoungGen      total 48128K, used 48111K [0x00000007cac00000, 0x00000007ce180000, 0x0000000800000000)
  eden space 41472K, 100% used [0x00000007cac00000,0x00000007cd480000,0x00000007cd480000)
  from space 6656K, 99% used [0x00000007cd480000,0x00000007cdafbcb0,0x00000007cdb00000)
  to   space 6656K, 0% used [0x00000007cdb00000,0x00000007cdb00000,0x00000007ce180000)
 ParOldGen       total 109056K, used 983K [0x0000000760400000, 0x0000000766e80000, 0x00000007cac00000)
  object space 109056K, 0% used [0x0000000760400000,0x00000007604f5c08,0x0000000766e80000)
 PSPermGen       total 21504K, used 13833K [0x000000075b200000, 0x000000075c700000, 0x0000000760400000)
  object space 21504K, 64% used [0x000000075b200000,0x000000075bf825e0,0x000000075c700000)
Event: 7.723 GC heap after
Heap after GC invocations=2 (full 0):
 PSYoungGen      total 48128K, used 6650K [0x00000007cac00000, 0x00000007ce180000, 0x0000000800000000)
  eden space 41472K, 0% used [0x00000007cac00000,0x00000007cac00000,0x00000007cd480000)
  from space 6656K, 99% used [0x00000007cdb00000,0x00000007ce17e8d8,0x00000007ce180000)
  to   space 6656K, 0% used [0x00000007cd480000,0x00000007cd480000,0x00000007cdb00000)
 ParOldGen       total 109056K, used 2946K [0x0000000760400000, 0x0000000766e80000, 0x00000007cac00000)
  object space 109056K, 2% used [0x0000000760400000,0x00000007606e08a8,0x0000000766e80000)
 PSPermGen       total 21504K, used 13833K [0x000000075b200000, 0x000000075c700000, 0x0000000760400000)
  object space 21504K, 64% used [0x000000075b200000,0x000000075bf825e0,0x000000075c700000)
}

