# JRE version: Java(TM) SE Runtime Environment (7.0_79-b15) (build 1.7.0_79-b15)
# Java VM: Java HotSpot(TM) 64-Bit Server VM (24.79-b02 mixed mode windows-amd64 compressed oops)
Heap
 PSYoungGen      total 838144K, used 188594K [0x00000007cac00000, 0x0000000800000000, 0x0000000800000000)
  eden space 823296K, 21% used [0x00000007cac00000,0x00000007d55b4590,0x00000007fd000000)
  from space 14848K, 99% used [0x00000007ff180000,0x00000007ffff8368,0x0000000800000000)
  to   space 24576K, 0% used [0x00000007fd000000,0x00000007fd000000,0x00000007fe800000)
 ParOldGen       total 109056K, used 69112K [0x0000000760400000, 0x0000000766e80000, 0x00000007cac00000)
  object space 109056K, 63% used [0x0000000760400000,0x000000076477e388,0x0000000766e80000)
 PSPermGen       total 21504K, used 10710K [0x000000075b200000, 0x000000075c700000, 0x0000000760400000)
  object space 21504K, 49% used [0x000000075b200000,0x000000075bc759d8,0x000000075c700000)
GC Heap History (10 events):
Event: 6.126 GC heap before
{Heap before GC invocations=10 (full 0):
 PSYoungGen      total 344576K, used 343355K [0x00000007cac00000, 0x00000007ecd80000, 0x0000000800000000)
  eden space 331776K, 100% used [0x00000007cac00000,0x00000007df000000,0x00000007df000000)
  from space 12800K, 90% used [0x00000007df000000,0x00000007dfb4ee18,0x00000007dfc80000)
  to   space 13824K, 0% used [0x00000007ec000000,0x00000007ec000000,0x00000007ecd80000)
 ParOldGen       total 109056K, used 19018K [0x0000000760400000, 0x0000000766e80000, 0x00000007cac00000)
  object space 109056K, 17% used [0x0000000760400000,0x0000000761692be8,0x0000000766e80000)
 PSPermGen       total 21504K, used 10694K [0x000000075b200000, 0x000000075c700000, 0x0000000760400000)
  object space 21504K, 49% used [0x000000075b200000,0x000000075bc71870,0x000000075c700000)
Event: 6.148 GC heap after
Heap after GC invocations=10 (full 0):
 PSYoungGen      total 544256K, used 11579K [0x00000007cac00000, 0x00000007ece80000, 0x0000000800000000)
  eden space 530432K, 0% used [0x00000007cac00000,0x00000007cac00000,0x00000007eb200000)
  from space 13824K, 83% used [0x00000007ec000000,0x00000007ecb4ee18,0x00000007ecd80000)
  to   space 14336K, 0% used [0x00000007eb200000,0x00000007eb200000,0x00000007ec000000)
 ParOldGen       total 109056K, used 24762K [0x0000000760400000, 0x0000000766e80000, 0x00000007cac00000)
  object space 109056K, 22% used [0x0000000760400000,0x0000000761c2ebe8,0x0000000766e80000)
 PSPermGen       total 21504K, used 10694K [0x000000075b200000, 0x000000075c700000, 0x0000000760400000)
  object space 21504K, 49% used [0x000000075b200000,0x000000075bc71870,0x000000075c700000)
}
Event: 7.245 GC heap before
{Heap before GC invocations=11 (full 0):
 PSYoungGen      total 544256K, used 542011K [0x00000007cac00000, 0x00000007ece80000, 0x0000000800000000)
  eden space 530432K, 100% used [0x00000007cac00000,0x00000007eb200000,0x00000007eb200000)
  from space 13824K, 83% used [0x00000007ec000000,0x00000007ecb4ee18,0x00000007ecd80000)
  to   space 14336K, 0% used [0x00000007eb200000,0x00000007eb200000,0x00000007ec000000)
 ParOldGen       total 109056K, used 24762K [0x0000000760400000, 0x0000000766e80000, 0x00000007cac00000)
  object space 109056K, 22% used [0x0000000760400000,0x0000000761c2ebe8,0x0000000766e80000)
 PSPermGen       total 21504K, used 10694K [0x000000075b200000, 0x000000075c700000, 0x0000000760400000)
  object space 21504K, 49% used [0x000000075b200000,0x000000075bc71870,0x000000075c700000)
Event: 7.280 GC heap after
Heap after GC invocations=11 (full 0):
 PSYoungGen      total 544768K, used 9337K [0x00000007cac00000, 0x00000007fff80000, 0x0000000800000000)
  eden space 530432K, 0% used [0x00000007cac00000,0x00000007cac00000,0x00000007eb200000)
  from space 14336K, 65% used [0x00000007eb200000,0x00000007ebb1e520,0x00000007ec000000)
  to   space 13824K, 0% used [0x00000007ff200000,0x00000007ff200000,0x00000007fff80000)
 ParOldGen       total 109056K, used 36226K [0x0000000760400000, 0x0000000766e80000, 0x00000007cac00000)
  object space 109056K, 33% used [0x0000000760400000,0x0000000762760be8,0x0000000766e80000)
 PSPermGen       total 21504K, used 10694K [0x000000075b200000, 0x000000075c700000, 0x0000000760400000)
  object space 21504K, 49% used [0x000000075b200000,0x000000075bc71870,0x000000075c700000)
}
Event: 8.297 GC heap before
{Heap before GC invocations=12 (full 0):
 PSYoungGen      total 544768K, used 539769K [0x00000007cac00000, 0x00000007fff80000, 0x0000000800000000)
  eden space 530432K, 100% used [0x00000007cac00000,0x00000007eb200000,0x00000007eb200000)
  from space 14336K, 65% used [0x00000007eb200000,0x00000007ebb1e520,0x00000007ec000000)
  to   space 13824K, 0% used [0x00000007ff200000,0x00000007ff200000,0x00000007fff80000)
 ParOldGen       total 109056K, used 36226K [0x0000000760400000, 0x0000000766e80000, 0x00000007cac00000)
  object space 109056K, 33% used [0x0000000760400000,0x0000000762760be8,0x0000000766e80000)
 PSPermGen       total 21504K, used 10694K [0x000000075b200000, 0x000000075c700000, 0x0000000760400000)
  object space 21504K, 49% used [0x000000075b200000,0x000000075bc71870,0x000000075c700000)
Event: 8.318 GC heap after
Heap after GC invocations=12 (full 0):
 PSYoungGen      total 857088K, used 9173K [0x00000007cac00000, 0x00000007ffe80000, 0x0000000800000000)
  eden space 844288K, 0% used [0x00000007cac00000,0x00000007cac00000,0x00000007fe480000)
  from space 12800K, 71% used [0x00000007ff200000,0x00000007ffaf57a0,0x00000007ffe80000)
  to   space 13312K, 0% used [0x00000007fe480000,0x00000007fe480000,0x00000007ff180000)
 ParOldGen       total 109056K, used 45394K [0x0000000760400000, 0x0000000766e80000, 0x00000007cac00000)
  object space 109056K, 41% used [0x0000000760400000,0x0000000763054be8,0x0000000766e80000)
 PSPermGen       total 21504K, used 10694K [0x000000075b200000, 0x000000075c700000, 0x0000000760400000)
  object space 21504K, 49% used [0x000000075b200000,0x000000075bc71870,0x000000075c700000)
}
Event: 10.006 GC heap before
{Heap before GC invocations=13 (full 0):
 PSYoungGen      total 857088K, used 853461K [0x00000007cac00000, 0x00000007ffe80000, 0x0000000800000000)
  eden space 844288K, 100% used [0x00000007cac00000,0x00000007fe480000,0x00000007fe480000)
  from space 12800K, 71% used [0x00000007ff200000,0x00000007ffaf57a0,0x00000007ffe80000)
  to   space 13312K, 0% used [0x00000007fe480000,0x00000007fe480000,0x00000007ff180000)
 ParOldGen       total 109056K, used 45394K [0x0000000760400000, 0x0000000766e80000, 0x00000007cac00000)
  object space 109056K, 41% used [0x0000000760400000,0x0000000763054be8,0x0000000766e80000)
 PSPermGen       total 21504K, used 10694K [0x000000075b200000, 0x000000075c700000, 0x0000000760400000)
  object space 21504K, 49% used [0x000000075b200000,0x000000075bc71870,0x000000075c700000)
Event: 10.038 GC heap after
Heap after GC invocations=13 (full 0):
 PSYoungGen      total 857600K, used 13312K [0x00000007cac00000, 0x0000000800000000, 0x0000000800000000)
  eden space 844288K, 0% used [0x00000007cac00000,0x00000007cac00000,0x00000007fe480000)
  from space 13312K, 100% used [0x00000007fe480000,0x00000007ff180000,0x00000007ff180000)
  to   space 14848K, 0% used [0x00000007ff180000,0x00000007ff180000,0x0000000800000000)
 ParOldGen       total 109056K, used 55664K [0x0000000760400000, 0x0000000766e80000, 0x00000007cac00000)
  object space 109056K, 51% used [0x0000000760400000,0x0000000763a5c388,0x0000000766e80000)
 PSPermGen       total 21504K, used 10694K [0x000000075b200000, 0x000000075c700000, 0x0000000760400000)
  object space 21504K, 49% used [0x000000075b200000,0x000000075bc71870,0x000000075c700000)
}
Event: 11.634 GC heap before
{Heap before GC invocations=14 (full 0):
 PSYoungGen      total 857600K, used 857600K [0x00000007cac00000, 0x0000000800000000, 0x0000000800000000)
  eden space 844288K, 100% used [0x00000007cac00000,0x00000007fe480000,0x00000007fe480000)
  from space 13312K, 100% used [0x00000007fe480000,0x00000007ff180000,0x00000007ff180000)
  to   space 14848K, 0% used [0x00000007ff180000,0x00000007ff180000,0x0000000800000000)
 ParOldGen       total 109056K, used 55664K [0x0000000760400000, 0x0000000766e80000, 0x00000007cac00000)
  object space 109056K, 51% used [0x0000000760400000,0x0000000763a5c388,0x0000000766e80000)
 PSPermGen       total 21504K, used 10694K [0x000000075b200000, 0x000000075c700000, 0x0000000760400000)
  object space 21504K, 49% used [0x000000075b200000,0x000000075bc71870,0x000000075c700000)
Event: 11.667 GC heap after
Heap after GC invocations=14 (full 0):
 PSYoungGen      total 838144K, used 14816K [0x00000007cac00000, 0x0000000800000000, 0x0000000800000000)
  eden space 823296K, 0% used [0x00000007cac00000,0x00000007cac00000,0x00000007fd000000)
  from space 14848K, 99% used [0x00000007ff180000,0x00000007ffff8368,0x0000000800000000)
  to   space 24576K, 0% used [0x00000007fd000000,0x00000007fd000000,0x00000007fe800000)
 ParOldGen       total 109056K, used 69112K [0x0000000760400000, 0x0000000766e80000, 0x00000007cac00000)
  object space 109056K, 63% used [0x0000000760400000,0x000000076477e388,0x0000000766e80000)
 PSPermGen       total 21504K, used 10694K [0x000000075b200000, 0x000000075c700000, 0x0000000760400000)
  object space 21504K, 49% used [0x000000075b200000,0x000000075bc71870,0x000000075c700000)
}

